Please enter the User's name : smullen

No manager found for smullen.

Script executed by: dpardeshi on 19-Sep-2025 13:05:05

-----------------------------------------------------------------------------------------------------------------------
Please enter the User's name : smullen

No manager found for smullen.

Script executed by: dpardeshi on 19-Sep-2025 13:13:54

-----------------------------------------------------------------------------------------------------------------------
Please enter the User's name : smullen

No manager found for smullen.

Script executed by: dpardeshi on 19-Sep-2025 13:25:40

-----------------------------------------------------------------------------------------------------------------------
Please enter the User's name : smullen

No manager found for smullen.

Script executed by: dpardeshi on 19-Sep-2025 13:28:46

-----------------------------------------------------------------------------------------------------------------------
Please enter the User's name : smullen

No manager found for smullen.

Script executed by: dpardeshi on 19-Sep-2025 13:36:57

-----------------------------------------------------------------------------------------------------------------------
Please enter the User's name : smullen

Please enter the manager's name for smullen : Mrocek, Ron
The manager for smullen is correctly identified as Mrocek, Ron.

No expiration date set for smullen .

Do you want to disable the account for smullen ? (yes/no) : yes
The given username smullen has been successfully offboarded

Script executed by: dpardeshi on 19-Sep-2025 13:50:24

-----------------------------------------------------------------------------------------------------------------------
