Please enter the User's name : ssilva

User ssilva does not exist.

Script executed by: dpardeshi on 10-Jan-2025 09:50:46

-----------------------------------------------------------------------------------------------------------------------
Please enter the User's name : ssilva

User ssilva does not exist.

Script executed by: dpardeshi on 10-Jan-2025 09:51:29

-----------------------------------------------------------------------------------------------------------------------
Please enter the User's name : ssilva

User ssilva does not exist.

Script executed by: dpardeshi on 10-Jan-2025 09:54:22

-----------------------------------------------------------------------------------------------------------------------
Please enter the User's name : ssilva

User ssilva does not exist.

Script executed by: aparashar on 10-Jan-2025 09:55:30

-----------------------------------------------------------------------------------------------------------------------
Please enter the User's name : ssilva

User ssilva does not exist.

Script executed by: pdagde on 10-Jan-2025 10:06:05

-----------------------------------------------------------------------------------------------------------------------
Please enter the User's name : ssilva

User ssilva does not exist.

Script executed by: pdagde on 10-Jan-2025 10:20:56

-----------------------------------------------------------------------------------------------------------------------
Please enter the User's name : ssilva

Please enter the manager's name for ssilva : TERM_Cleary, Carol
The manager for ssilva is correctly identified as TERM_Cleary, Carol.

Do you want to disable the account for ssilva ? (yes/no) : yes
The given username ssilva has been successfully offboarded

Script executed by: pdagde on 10-Jan-2025 11:37:25

-----------------------------------------------------------------------------------------------------------------------
