Please enter the User's name : fschoensiegel

Please enter the manager's name for fschoensiegel : Hartley, Michelle
The manager for fschoensiegel is correctly identified as Hartley, Michelle.

No expiration date set for fschoensiegel .

Do you want to disable the account for fschoensiegel ? (yes/no) : yes
The given username fschoensiegel has been successfully offboarded

Script executed by: pdagde on 25-Sep-2025 00:16:53

-----------------------------------------------------------------------------------------------------------------------
Script executed by: pdagde on 25-Sep-2025 00:29:52

-----------------------------------------------------------------------------------------------------------------------
Script executed by: pdagde on 25-Sep-2025 00:35:20

-----------------------------------------------------------------------------------------------------------------------
Script executed by: pdagde on 25-Sep-2025 00:37:24

-----------------------------------------------------------------------------------------------------------------------
Script executed by: pdagde on 25-Sep-2025 00:42:11

-----------------------------------------------------------------------------------------------------------------------
Script executed by: pdagde on 25-Sep-2025 00:43:49

-----------------------------------------------------------------------------------------------------------------------
Script executed by: pdagde on 25-Sep-2025 00:47:46

-----------------------------------------------------------------------------------------------------------------------
Script executed by: pdagde on 25-Sep-2025 00:53:17

-----------------------------------------------------------------------------------------------------------------------
Script executed by: pdagde on 25-Sep-2025 01:01:35

-----------------------------------------------------------------------------------------------------------------------
Script executed by: pdagde on 25-Sep-2025 01:05:28

-----------------------------------------------------------------------------------------------------------------------
Script executed by: pdagde on 25-Sep-2025 01:22:15

-----------------------------------------------------------------------------------------------------------------------
Script executed by: pdagde on 25-Sep-2025 01:27:10

-----------------------------------------------------------------------------------------------------------------------
Script executed by: pdagde on 25-Sep-2025 01:33:22

-----------------------------------------------------------------------------------------------------------------------
Script executed by: pdagde on 25-Sep-2025 01:38:59

-----------------------------------------------------------------------------------------------------------------------
Script executed by: pdagde on 25-Sep-2025 03:54:27

-----------------------------------------------------------------------------------------------------------------------
Script executed by: pdagde on 25-Sep-2025 03:58:38

-----------------------------------------------------------------------------------------------------------------------
Script executed by: pdagde on 25-Sep-2025 04:03:26

-----------------------------------------------------------------------------------------------------------------------
Script executed by: pdagde on 25-Sep-2025 04:11:49

-----------------------------------------------------------------------------------------------------------------------
Script executed by: pdagde on 25-Sep-2025 04:13:36

-----------------------------------------------------------------------------------------------------------------------
Script executed by: pdagde on 25-Sep-2025 04:20:02

-----------------------------------------------------------------------------------------------------------------------
Script executed by: pdagde on 25-Sep-2025 04:22:52

-----------------------------------------------------------------------------------------------------------------------
Script executed by: pdagde on 25-Sep-2025 04:38:14

-----------------------------------------------------------------------------------------------------------------------
Script executed by: pdagde on 25-Sep-2025 04:51:30

-----------------------------------------------------------------------------------------------------------------------
Script executed by: pdagde on 25-Sep-2025 04:55:28

-----------------------------------------------------------------------------------------------------------------------
Script executed by: pdagde on 25-Sep-2025 04:58:24

-----------------------------------------------------------------------------------------------------------------------
Script executed by: pdagde on 25-Sep-2025 05:01:18

-----------------------------------------------------------------------------------------------------------------------
Script executed by: pdagde on 25-Sep-2025 05:05:10

-----------------------------------------------------------------------------------------------------------------------
Script executed by: pdagde on 25-Sep-2025 05:09:24

-----------------------------------------------------------------------------------------------------------------------
Script executed by: pdagde on 25-Sep-2025 05:11:40

-----------------------------------------------------------------------------------------------------------------------
Script executed by: pdagde on 25-Sep-2025 05:20:57

-----------------------------------------------------------------------------------------------------------------------
Script executed by: pdagde on 25-Sep-2025 05:26:57

-----------------------------------------------------------------------------------------------------------------------
Script executed by: pdagde on 25-Sep-2025 05:32:52

-----------------------------------------------------------------------------------------------------------------------
Script executed by: pdagde on 25-Sep-2025 05:35:23

-----------------------------------------------------------------------------------------------------------------------
Script executed by: pdagde on 25-Sep-2025 05:38:48

-----------------------------------------------------------------------------------------------------------------------
Script executed by: pdagde on 25-Sep-2025 05:43:47

-----------------------------------------------------------------------------------------------------------------------
Script executed by: pdagde on 25-Sep-2025 05:48:23

-----------------------------------------------------------------------------------------------------------------------
Script executed by: pdagde on 25-Sep-2025 12:02:35

-----------------------------------------------------------------------------------------------------------------------
