Please enter the User's name : pdagde

Please enter the manager's name for pdagde : Pandey, Vikash
The manager for pdagde is correctly identified as Pandey, Vikash.

Account Expiration Date for pdagde : 01-Dec-2025 .

The account expiration date for pdagde is 01-Dec-2025 do you still want to offboard the user ? (yes/no) : yes .

Do you want to disable the account for pdagde ? (yes/no) : yes
The given username pdagde has been successfully offboarded

Script executed by: pdagde on 14-Oct-2025 03:22:31

-----------------------------------------------------------------------------------------------------------------------
Please enter the User's name : pdagde

Please enter the manager's name for pdagde : Pandey, Vikash
The manager for pdagde is correctly identified as Pandey, Vikash.

Account Expiration Date for pdagde : 01-Dec-2025 .

The account expiration date for pdagde is 01-Dec-2025 do you still want to offboard the user ? (yes/no) : yes .

Do you want to disable the account for pdagde ? (yes/no) : yes
The given username pdagde has been successfully offboarded

Script executed by: pdagde on 14-Oct-2025 03:23:55

-----------------------------------------------------------------------------------------------------------------------
Please enter the User's name : pdagde

Please enter the manager's name for pdagde : Pandey, Vikash
The manager for pdagde is correctly identified as Pandey, Vikash.

Account Expiration Date for pdagde : 01-Dec-2025 .

The account expiration date for pdagde is 01-Dec-2025 do you still want to offboard the user ? (yes/no) : yes .

Do you want to disable the account for pdagde ? (yes/no) : yes
The given username pdagde has been successfully offboarded

Script executed by: pdagde on 14-Oct-2025 03:25:41

-----------------------------------------------------------------------------------------------------------------------
Please enter the User's name : pdagde

Please enter the manager's name for pdagde : Pandey, Vikash
The manager for pdagde is correctly identified as Pandey, Vikash.

Account Expiration Date for pdagde : 01-Dec-2025 .

The account expiration date for pdagde is 01-Dec-2025 do you still want to offboard the user ? (yes/no) : yes .

Do you want to disable the account for pdagde ? (yes/no) : yes
The given username pdagde has been successfully offboarded

Script executed by: pdagde on 14-Oct-2025 03:37:26

-----------------------------------------------------------------------------------------------------------------------
Please enter the User's name : pdagde

Please enter the manager's name for pdagde : Pandey, Vikash
The manager for pdagde is correctly identified as Pandey, Vikash.

Account Expiration Date for pdagde : 01-Dec-2025 .

The account expiration date for pdagde is 01-Dec-2025 do you still want to offboard the user ? (yes/no) : yes .

Do you want to disable the account for pdagde ? (yes/no) : yes
The given username pdagde has been successfully offboarded

Script executed by: pdagde on 14-Oct-2025 03:41:37

-----------------------------------------------------------------------------------------------------------------------
Please enter the User's name : pdagde

Please enter the manager's name for pdagde : Pandey, Vikash
The manager for pdagde is correctly identified as Pandey, Vikash.

Account Expiration Date for pdagde : 01-Dec-2025 .

The account expiration date for pdagde is 01-Dec-2025 do you still want to offboard the user ? (yes/no) : yes .

Do you want to disable the account for pdagde ? (yes/no) : yes
The given username pdagde has been successfully offboarded

Script executed by: pdagde on 14-Oct-2025 03:43:58

-----------------------------------------------------------------------------------------------------------------------
Please enter the User's name : pdagde

Please enter the manager's name for pdagde : Pandey, Vikash
The manager for pdagde is correctly identified as Pandey, Vikash.

Account Expiration Date for pdagde : 01-Dec-2025 .

The account expiration date for pdagde is 01-Dec-2025 do you still want to offboard the user ? (yes/no) : yes .

Do you want to disable the account for pdagde ? (yes/no) : yes
Please enter the User's name : pdagde

No manager found for pdagde.

Script executed by: pdagde on 14-Oct-2025 03:48:15

-----------------------------------------------------------------------------------------------------------------------
Please enter the User's name : pdagde

The given manager name is invalid; as per the system record, the manager name is . Please re-execute the script using the correct manager's name.

Script executed by: pdagde on 14-Oct-2025 03:50:22

-----------------------------------------------------------------------------------------------------------------------
Please enter the User's name : pdagde

Please enter the manager's name for pdagde : Pandey, Vikash
The manager for pdagde is correctly identified as Pandey, Vikash.

Account Expiration Date for pdagde : 01-Dec-2025 .

The account expiration date for pdagde is 01-Dec-2025 do you still want to offboard the user ? (yes/no) : yes .

Do you want to disable the account for pdagde ? (yes/no) : yes
The given username pdagde has been successfully offboarded

Script executed by: pdagde on 14-Oct-2025 03:51:18

-----------------------------------------------------------------------------------------------------------------------
Please enter the User's name : pdagde

Please enter the manager's name for pdagde : Pandey, Vikash
The manager for pdagde is correctly identified as Pandey, Vikash.

Account Expiration Date for pdagde : 01-Dec-2025 .

The account expiration date for pdagde is 01-Dec-2025 do you still want to offboard the user ? (yes/no) : yes .

Do you want to disable the account for pdagde ? (yes/no) : yes
The given username pdagde has been successfully offboarded

Script executed by: pdagde on 14-Oct-2025 03:52:58

-----------------------------------------------------------------------------------------------------------------------
Please enter the User's name : pdagde

Please enter the manager's name for pdagde : Pandey, Vikash
The manager for pdagde is correctly identified as Pandey, Vikash.

Account Expiration Date for pdagde : 01-Dec-2025 .

The account expiration date for pdagde is 01-Dec-2025 do you still want to offboard the user ? (yes/no) : yes .

Do you want to disable the account for pdagde ? (yes/no) : yes
The given username pdagde has been successfully offboarded

Script executed by: pdagde on 14-Oct-2025 03:54:10

-----------------------------------------------------------------------------------------------------------------------
Please enter the User's name : pdagde

Please enter the manager's name for pdagde : Pandey, Vikash
The manager for pdagde is correctly identified as Pandey, Vikash.

Account Expiration Date for pdagde : 01-Dec-2025 .

The account expiration date for pdagde is 01-Dec-2025 do you still want to offboard the user ? (yes/no) : yes .

Do you want to disable the account for pdagde ? (yes/no) : yes
The given username pdagde has been successfully offboarded

Script executed by: pdagde on 14-Oct-2025 03:55:22

-----------------------------------------------------------------------------------------------------------------------
Please enter the User's name : pdagde

Please enter the manager's name for pdagde : Pandey, Vikash
The manager for pdagde is correctly identified as Pandey, Vikash.

Account Expiration Date for pdagde : 01-Dec-2025 .

The account expiration date for pdagde is 01-Dec-2025 do you still want to offboard the user ? (yes/no) : yes .

Do you want to disable the account for pdagde ? (yes/no) : yes
The given username pdagde has been successfully offboarded

Script executed by: pdagde on 14-Oct-2025 03:56:02

-----------------------------------------------------------------------------------------------------------------------
Please enter the User's name : pdagde

Please enter the manager's name for pdagde : Pandey, Vikash
The manager for pdagde is correctly identified as Pandey, Vikash.

Account Expiration Date for pdagde : 01-Dec-2025 .

The account expiration date for pdagde is 01-Dec-2025 do you still want to offboard the user ? (yes/no) : yes .

Do you want to disable the account for pdagde ? (yes/no) : yes
The given username pdagde has been successfully offboarded

Script executed by: pdagde on 14-Oct-2025 05:17:17

-----------------------------------------------------------------------------------------------------------------------
Please enter the User's name : pdagde

Please enter the manager's name for pdagde : Pandey, Vikash
The manager for pdagde is correctly identified as Pandey, Vikash.

Account Expiration Date for pdagde : 01-Dec-2025 .

The account expiration date for pdagde is 01-Dec-2025 do you still want to offboard the user ? (yes/no) : yes .

Do you want to disable the account for pdagde ? (yes/no) : yes
The given username pdagde has been successfully offboarded

Script executed by: pdagde on 14-Oct-2025 05:19:02

-----------------------------------------------------------------------------------------------------------------------
Please enter the User's name : pdagde

Please enter the manager's name for pdagde : Pandey, Vikash
The manager for pdagde is correctly identified as Pandey, Vikash.

Account Expiration Date for pdagde : 01-Dec-2025 .

The account expiration date for pdagde is 01-Dec-2025 do you still want to offboard the user ? (yes/no) : yes .

Do you want to disable the account for pdagde ? (yes/no) : yes
The given username pdagde has been successfully offboarded

Script executed by: pdagde on 14-Oct-2025 05:20:38

-----------------------------------------------------------------------------------------------------------------------
Please enter the User's name : pdagde

Please enter the manager's name for pdagde : Pandey, Vikash
The manager for pdagde is correctly identified as Pandey, Vikash.

Account Expiration Date for pdagde : 01-Dec-2025 .

The account expiration date for pdagde is 01-Dec-2025 do you still want to offboard the user ? (yes/no) : yes .

Do you want to disable the account for pdagde ? (yes/no) : yes
The given username pdagde has been successfully offboarded

Script executed by: pdagde on 14-Oct-2025 05:22:47

-----------------------------------------------------------------------------------------------------------------------
Please enter the User's name : pdagde

Please enter the manager's name for pdagde : Pandey, Vikash
The manager for pdagde is correctly identified as Pandey, Vikash.

Account Expiration Date for pdagde : 01-Dec-2025 .

The account expiration date for pdagde is 01-Dec-2025 do you still want to offboard the user ? (yes/no) : yes .

Do you want to disable the account for pdagde ? (yes/no) : yes
The given username pdagde has been successfully offboarded

Script executed by: pdagde on 14-Oct-2025 05:24:14

-----------------------------------------------------------------------------------------------------------------------
Please enter the User's name : pdagde

Please enter the manager's name for pdagde : Pandey, Vikash
The manager for pdagde is correctly identified as Pandey, Vikash.

Account Expiration Date for pdagde : 01-Dec-2025 .

The account expiration date for pdagde is 01-Dec-2025 do you still want to offboard the user ? (yes/no) : yes .

Do you want to disable the account for pdagde ? (yes/no) : yes
The given username pdagde has been successfully offboarded

Script executed by: pdagde on 14-Oct-2025 05:25:21

-----------------------------------------------------------------------------------------------------------------------
Please enter the User's name : pdagde

Please enter the manager's name for pdagde : Pandey, Vikash
The manager for pdagde is correctly identified as Pandey, Vikash.

Account Expiration Date for pdagde : 01-Dec-2025 .

The account expiration date for pdagde is 01-Dec-2025 do you still want to offboard the user ? (yes/no) : yes .

Do you want to disable the account for pdagde ? (yes/no) : yes
The given username pdagde has been successfully offboarded

Script executed by: pdagde on 14-Oct-2025 05:26:50

-----------------------------------------------------------------------------------------------------------------------
Please enter the User's name : pdagde

Please enter the manager's name for pdagde : Pandey, Vikash
The manager for pdagde is correctly identified as Pandey, Vikash.

Account Expiration Date for pdagde : 01-Dec-2025 .

The account expiration date for pdagde is 01-Dec-2025 do you still want to offboard the user ? (yes/no) : yes .

Do you want to disable the account for pdagde ? (yes/no) : yes
The given username pdagde has been successfully offboarded

Script executed by: pdagde on 14-Oct-2025 05:29:36

-----------------------------------------------------------------------------------------------------------------------
Please enter the User's name : pdagde

Please enter the manager's name for pdagde : Pandey, Vikash
The manager for pdagde is correctly identified as Pandey, Vikash.

Account Expiration Date for pdagde : 01-Dec-2025 .

The account expiration date for pdagde is 01-Dec-2025 do you still want to offboard the user ? (yes/no) : yes .

Do you want to disable the account for pdagde ? (yes/no) : yes
The given username pdagde has been successfully offboarded

Script executed by: pdagde on 14-Oct-2025 05:31:48

-----------------------------------------------------------------------------------------------------------------------
Please enter the User's name : pdagde

Please enter the manager's name for pdagde : Pandey, Vikash
The manager for pdagde is correctly identified as Pandey, Vikash.

Account Expiration Date for pdagde : 01-Dec-2025 .

The account expiration date for pdagde is 01-Dec-2025 do you still want to offboard the user ? (yes/no) : yes .

Do you want to disable the account for pdagde ? (yes/no) : yes
The given username pdagde has been successfully offboarded

Script executed by: pdagde on 14-Oct-2025 05:33:43

-----------------------------------------------------------------------------------------------------------------------
Please enter the User's name : pdagde

Please enter the manager's name for pdagde : Pandey, Vikash
The manager for pdagde is correctly identified as Pandey, Vikash.

Account Expiration Date for pdagde : 01-Dec-2025 .

The account expiration date for pdagde is 01-Dec-2025 do you still want to offboard the user ? (yes/no) : yes .

Do you want to disable the account for pdagde ? (yes/no) : yes
The given username pdagde has been successfully offboarded

Script executed by: pdagde on 14-Oct-2025 05:34:48

-----------------------------------------------------------------------------------------------------------------------
Please enter the User's name : pdagde

Please enter the manager's name for pdagde : Pandey, Vikash
The manager for pdagde is correctly identified as Pandey, Vikash.

Account Expiration Date for pdagde : 01-Dec-2025 .

The account expiration date for pdagde is 01-Dec-2025 do you still want to offboard the user ? (yes/no) : yes .

Do you want to disable the account for pdagde ? (yes/no) : yes
The given username pdagde has been successfully offboarded

Script executed by: pdagde on 14-Oct-2025 05:36:17

-----------------------------------------------------------------------------------------------------------------------
Please enter the User's name : pdagde

Please enter the manager's name for pdagde : Pandey, Vikash
The manager for pdagde is correctly identified as Pandey, Vikash.

Account Expiration Date for pdagde : 01-Dec-2025 .

The account expiration date for pdagde is 01-Dec-2025 do you still want to offboard the user ? (yes/no) : yes .

Do you want to disable the account for pdagde ? (yes/no) : yes
The given username pdagde has been successfully offboarded

Script executed by: pdagde on 14-Oct-2025 05:37:28

-----------------------------------------------------------------------------------------------------------------------
Please enter the User's name : pdagde

Please enter the manager's name for pdagde : Pandey, Vikash
The manager for pdagde is correctly identified as Pandey, Vikash.

Account Expiration Date for pdagde : 01-Dec-2025 .

The account expiration date for pdagde is 01-Dec-2025 do you still want to offboard the user ? (yes/no) : yes .

Do you want to disable the account for pdagde ? (yes/no) : yes
The given username pdagde has been successfully offboarded

Script executed by: pdagde on 14-Oct-2025 05:39:01

-----------------------------------------------------------------------------------------------------------------------
Please enter the User's name : pdagde

Please enter the manager's name for pdagde : Pandey, Vikash
The manager for pdagde is correctly identified as Pandey, Vikash.

Account Expiration Date for pdagde : 01-Dec-2025 .

The account expiration date for pdagde is 01-Dec-2025 do you still want to offboard the user ? (yes/no) : yes .

Do you want to disable the account for pdagde ? (yes/no) : yes
The given username pdagde has been successfully offboarded

Script executed by: pdagde on 14-Oct-2025 05:39:51

-----------------------------------------------------------------------------------------------------------------------
Please enter the User's name : pdagde

Please enter the manager's name for pdagde : Pandey, Vikash
The manager for pdagde is correctly identified as Pandey, Vikash.

Account Expiration Date for pdagde : 01-Dec-2025 .

The account expiration date for pdagde is 01-Dec-2025 do you still want to offboard the user ? (yes/no) : yes .

Do you want to disable the account for pdagde ? (yes/no) : yes
The given username pdagde has been successfully offboarded

Script executed by: pdagde on 14-Oct-2025 05:41:11

-----------------------------------------------------------------------------------------------------------------------
Please enter the User's name : pdagde

Please enter the manager's name for pdagde : Pandey, Vikash
The manager for pdagde is correctly identified as Pandey, Vikash.

Account Expiration Date for pdagde : 01-Dec-2025 .

The account expiration date for pdagde is 01-Dec-2025 do you still want to offboard the user ? (yes/no) : yes .

Do you want to disable the account for pdagde ? (yes/no) : yes
The given username pdagde has been successfully offboarded

Script executed by: pdagde on 14-Oct-2025 05:43:10

-----------------------------------------------------------------------------------------------------------------------
Please enter the User's name : pdagde

Please enter the manager's name for pdagde : Pandey, Vikash
The manager for pdagde is correctly identified as Pandey, Vikash.

Account Expiration Date for pdagde : 01-Dec-2025 .

The account expiration date for pdagde is 01-Dec-2025 do you still want to offboard the user ? (yes/no) : yes .

Do you want to disable the account for pdagde ? (yes/no) : yes
The given username pdagde has been successfully offboarded

Script executed by: pdagde on 14-Oct-2025 05:45:24

-----------------------------------------------------------------------------------------------------------------------
Please enter the User's name : pdagde

Please enter the manager's name for pdagde : Pandey, Vikash
The manager for pdagde is correctly identified as Pandey, Vikash.

Account Expiration Date for pdagde : 01-Dec-2025 .

The account expiration date for pdagde is 01-Dec-2025 do you still want to offboard the user ? (yes/no) : yes .

Do you want to disable the account for pdagde ? (yes/no) : yes
The given username pdagde has been successfully offboarded

Script executed by: pdagde on 14-Oct-2025 05:49:04

-----------------------------------------------------------------------------------------------------------------------
Please enter the User's name : pdagde

Please enter the manager's name for pdagde : Pandey, Vikash
The manager for pdagde is correctly identified as Pandey, Vikash.

Account Expiration Date for pdagde : 01-Dec-2025 .

The account expiration date for pdagde is 01-Dec-2025 do you still want to offboard the user ? (yes/no) : yes .

Do you want to disable the account for pdagde ? (yes/no) : yes
The given username pdagde has been successfully offboarded

Script executed by: pdagde on 14-Oct-2025 06:06:51

-----------------------------------------------------------------------------------------------------------------------
Please enter the User's name : pdagde

Please enter the manager's name for pdagde : Pandey, Vikash
The manager for pdagde is correctly identified as Pandey, Vikash.

Account Expiration Date for pdagde : 01-Dec-2025 .

The account expiration date for pdagde is 01-Dec-2025 do you still want to offboard the user ? (yes/no) : yes .

Do you want to disable the account for pdagde ? (yes/no) : yes
The given username pdagde has been successfully offboarded

Script executed by: pdagde on 14-Oct-2025 06:09:47

-----------------------------------------------------------------------------------------------------------------------
Please enter the User's name : pdagde

Please enter the manager's name for pdagde : Pandey, Vikash
The manager for pdagde is correctly identified as Pandey, Vikash.

Account Expiration Date for pdagde : 01-Dec-2025 .

The account expiration date for pdagde is 01-Dec-2025 do you still want to offboard the user ? (yes/no) : yes .

Do you want to disable the account for pdagde ? (yes/no) : yes
The given username pdagde has been successfully offboarded

Script executed by: pdagde on 14-Oct-2025 06:11:20

-----------------------------------------------------------------------------------------------------------------------
Please enter the User's name : pdagde

Please enter the manager's name for pdagde : Pandey, Vikash
The manager for pdagde is correctly identified as Pandey, Vikash.

Account Expiration Date for pdagde : 01-Dec-2025 .

The account expiration date for pdagde is 01-Dec-2025 do you still want to offboard the user ? (yes/no) : yes .

Do you want to disable the account for pdagde ? (yes/no) : yes
The given username pdagde has been successfully offboarded

Script executed by: pdagde on 14-Oct-2025 06:13:34

-----------------------------------------------------------------------------------------------------------------------
Please enter the User's name : pdagde

Please enter the manager's name for pdagde : Pandey, Vikash
The manager for pdagde is correctly identified as Pandey, Vikash.

Account Expiration Date for pdagde : 01-Dec-2025 .

The account expiration date for pdagde is 01-Dec-2025 do you still want to offboard the user ? (yes/no) : yes .

Do you want to disable the account for pdagde ? (yes/no) : yes
The given username pdagde has been successfully offboarded

Script executed by: pdagde on 14-Oct-2025 06:16:50

-----------------------------------------------------------------------------------------------------------------------
Please enter the User's name : pdagde

Please enter the manager's name for pdagde : Pandey, Vikash
The manager for pdagde is correctly identified as Pandey, Vikash.

Account Expiration Date for pdagde : 01-Dec-2025 .

The account expiration date for pdagde is 01-Dec-2025 do you still want to offboard the user ? (yes/no) : yes .

Do you want to disable the account for pdagde ? (yes/no) : yes
The given username pdagde has been successfully offboarded

Script executed by: pdagde on 14-Oct-2025 06:20:40

-----------------------------------------------------------------------------------------------------------------------
Please enter the User's name : pdagde

Please enter the manager's name for pdagde : Pandey, Vikash
The manager for pdagde is correctly identified as Pandey, Vikash.

Account Expiration Date for pdagde : 01-Dec-2025 .

The account expiration date for pdagde is 01-Dec-2025 do you still want to offboard the user ? (yes/no) : yes .

Do you want to disable the account for pdagde ? (yes/no) : yes
The given username pdagde has been successfully offboarded

Script executed by: pdagde on 14-Oct-2025 06:23:00

-----------------------------------------------------------------------------------------------------------------------
Please enter the User's name : pdagde

Please enter the manager's name for pdagde : Pandey, Vikash
The manager for pdagde is correctly identified as Pandey, Vikash.

Account Expiration Date for pdagde : 01-Dec-2025 .

The account expiration date for pdagde is 01-Dec-2025 do you still want to offboard the user ? (yes/no) : yes .

Do you want to disable the account for pdagde ? (yes/no) : yes
The given username pdagde has been successfully offboarded

Script executed by: pdagde on 14-Oct-2025 06:26:42

-----------------------------------------------------------------------------------------------------------------------
Please enter the User's name : pdagde

Please enter the manager's name for pdagde : Pandey, Vikash
The manager for pdagde is correctly identified as Pandey, Vikash.

Account Expiration Date for pdagde : 01-Dec-2025 .

The account expiration date for pdagde is 01-Dec-2025 do you still want to offboard the user ? (yes/no) : yes .

Do you want to disable the account for pdagde ? (yes/no) : yes
The given username pdagde has been successfully offboarded

Script executed by: pdagde on 14-Oct-2025 06:29:15

-----------------------------------------------------------------------------------------------------------------------
Please enter the User's name : pdagde

Please enter the manager's name for pdagde : Pandey, Vikash
The manager for pdagde is correctly identified as Pandey, Vikash.

Account Expiration Date for pdagde : 01-Dec-2025 .

The account expiration date for pdagde is 01-Dec-2025 do you still want to offboard the user ? (yes/no) : yes .

Do you want to disable the account for pdagde ? (yes/no) : yes
The given username pdagde has been successfully offboarded

Script executed by: pdagde on 14-Oct-2025 06:31:10

-----------------------------------------------------------------------------------------------------------------------
Please enter the User's name : pdagde

Please enter the manager's name for pdagde : Pandey, Vikash
The manager for pdagde is correctly identified as Pandey, Vikash.

Account Expiration Date for pdagde : 01-Dec-2025 .

The account expiration date for pdagde is 01-Dec-2025 do you still want to offboard the user ? (yes/no) : yes .

Do you want to disable the account for pdagde ? (yes/no) : yes
Please enter the User's name : pdagde

Please enter the manager's name for pdagde : Pandey, Vikash
The manager for pdagde is correctly identified as Pandey, Vikash.

Account Expiration Date for pdagde : 01-Dec-2025 .

The account expiration date for pdagde is 01-Dec-2025 do you still want to offboard the user ? (yes/no) : yes .

Do you want to disable the account for pdagde ? (yes/no) : yes
The given username pdagde has been successfully offboarded

Script executed by: pdagde on 14-Oct-2025 07:01:22

-----------------------------------------------------------------------------------------------------------------------
Please enter the User's name : pdagde

Please enter the manager's name for pdagde : Pandey, Vikash
The manager for pdagde is correctly identified as Pandey, Vikash.

Account Expiration Date for pdagde : 01-Dec-2025 .

The account expiration date for pdagde is 01-Dec-2025 do you still want to offboard the user ? (yes/no) : yes .

Do you want to disable the account for pdagde ? (yes/no) : yes
The given username pdagde has been successfully offboarded

Script executed by: pdagde on 14-Oct-2025 07:21:11

-----------------------------------------------------------------------------------------------------------------------
Please enter the User's name : pdagde

Please enter the manager's name for pdagde : Pandey, Vikash
The manager for pdagde is correctly identified as Pandey, Vikash.

Account Expiration Date for pdagde : 01-Dec-2025 .

The account expiration date for pdagde is 01-Dec-2025 do you still want to offboard the user ? (yes/no) : yes .

Do you want to disable the account for pdagde ? (yes/no) : yes
Please enter the User's name : pdagde

Please enter the manager's name for pdagde : Pandey, Vikash
The manager for pdagde is correctly identified as Pandey, Vikash.

Account Expiration Date for pdagde : 01-Dec-2025 .

The account expiration date for pdagde is 01-Dec-2025 do you still want to offboard the user ? (yes/no) : yes .

Do you want to disable the account for pdagde ? (yes/no) : yes
The given username pdagde has been successfully offboarded

Script executed by: pdagde on 14-Oct-2025 07:26:06

-----------------------------------------------------------------------------------------------------------------------
Please enter the User's name : pdagde

Please enter the manager's name for pdagde : Pandey, Vikash
The manager for pdagde is correctly identified as Pandey, Vikash.

Account Expiration Date for pdagde : 01-Dec-2025 .

The account expiration date for pdagde is 01-Dec-2025 do you still want to offboard the user ? (yes/no) : yes .

Do you want to disable the account for pdagde ? (yes/no) : yes
The given username pdagde has been successfully offboarded

Script executed by: pdagde on 14-Oct-2025 07:28:30

-----------------------------------------------------------------------------------------------------------------------
Please enter the User's name : pdagde

Please enter the manager's name for pdagde : Pandey, Vikash
The manager for pdagde is correctly identified as Pandey, Vikash.

Account Expiration Date for pdagde : 01-Dec-2025 .

The account expiration date for pdagde is 01-Dec-2025 do you still want to offboard the user ? (yes/no) : yes .

Do you want to disable the account for pdagde ? (yes/no) : yes
Please enter the User's name : pdagde

Please enter the manager's name for pdagde : Pandey, Vikash
The manager for pdagde is correctly identified as Pandey, Vikash.

Account Expiration Date for pdagde : 01-Dec-2025 .

The account expiration date for pdagde is 01-Dec-2025 do you still want to offboard the user ? (yes/no) : yes .

Do you want to disable the account for pdagde ? (yes/no) : yes
The given username pdagde has been successfully offboarded

Script executed by: pdagde on 14-Oct-2025 07:40:19

-----------------------------------------------------------------------------------------------------------------------
Please enter the User's name : pdagde

Please enter the manager's name for pdagde : Pandey, Vikash
The manager for pdagde is correctly identified as Pandey, Vikash.

Account Expiration Date for pdagde : 01-Dec-2025 .

The account expiration date for pdagde is 01-Dec-2025 do you still want to offboard the user ? (yes/no) : yes .

Do you want to disable the account for pdagde ? (yes/no) : yes
The given username pdagde has been successfully offboarded

Script executed by: pdagde on 14-Oct-2025 07:41:32

-----------------------------------------------------------------------------------------------------------------------
Please enter the User's name : pdagde

Please enter the manager's name for pdagde : Pandey, Vikash
The manager for pdagde is correctly identified as Pandey, Vikash.

Account Expiration Date for pdagde : 01-Dec-2025 .

The account expiration date for pdagde is 01-Dec-2025 do you still want to offboard the user ? (yes/no) : yes .

Do you want to disable the account for pdagde ? (yes/no) : yes
The given username pdagde has been successfully offboarded

Script executed by: pdagde on 14-Oct-2025 07:43:18

-----------------------------------------------------------------------------------------------------------------------
Please enter the User's name : pdagde

Please enter the manager's name for pdagde : Pandey, Vikash
The manager for pdagde is correctly identified as Pandey, Vikash.

Account Expiration Date for pdagde : 01-Dec-2025 .

The account expiration date for pdagde is 01-Dec-2025 do you still want to offboard the user ? (yes/no) : yes .

Do you want to disable the account for pdagde ? (yes/no) : yes
The given username pdagde has been successfully offboarded

Script executed by: pdagde on 14-Oct-2025 07:44:18

-----------------------------------------------------------------------------------------------------------------------
Please enter the User's name : pdagde

Please enter the manager's name for pdagde : Pandey, Vikash
The manager for pdagde is correctly identified as Pandey, Vikash.

Account Expiration Date for pdagde : 01-Dec-2025 .

The account expiration date for pdagde is 01-Dec-2025 do you still want to offboard the user ? (yes/no) : yes .

Do you want to disable the account for pdagde ? (yes/no) : yes
The given username pdagde has been successfully offboarded

Script executed by: pdagde on 14-Oct-2025 07:50:20

-----------------------------------------------------------------------------------------------------------------------
Please enter the User's name : pdagde

Please enter the manager's name for pdagde : Pandey, Vikash
The manager for pdagde is correctly identified as Pandey, Vikash.

Account Expiration Date for pdagde : 01-Dec-2025 .

The account expiration date for pdagde is 01-Dec-2025 do you still want to offboard the user ? (yes/no) : yes .

Do you want to disable the account for pdagde ? (yes/no) : yes
The given username pdagde has been successfully offboarded

Script executed by: pdagde on 14-Oct-2025 07:50:52

-----------------------------------------------------------------------------------------------------------------------
Please enter the User's name : pdagde

Please enter the manager's name for pdagde : Pandey, Vikash
The manager for pdagde is correctly identified as Pandey, Vikash.

Account Expiration Date for pdagde : 01-Dec-2025 .

The account expiration date for pdagde is 01-Dec-2025 do you still want to offboard the user ? (yes/no) : yes .

Do you want to disable the account for pdagde ? (yes/no) : yes
The given username pdagde has been successfully offboarded

Script executed by: pdagde on 14-Oct-2025 07:52:29

-----------------------------------------------------------------------------------------------------------------------
Please enter the User's name : pdagde

Please enter the manager's name for pdagde : Pandey, Vikash
The manager for pdagde is correctly identified as Pandey, Vikash.

Account Expiration Date for pdagde : 01-Dec-2025 .

The account expiration date for pdagde is 01-Dec-2025 do you still want to offboard the user ? (yes/no) : yes .

Do you want to disable the account for pdagde ? (yes/no) : yes
The given username pdagde has been successfully offboarded

Script executed by: pdagde on 14-Oct-2025 07:53:42

-----------------------------------------------------------------------------------------------------------------------
Please enter the User's name : pdagde

Please enter the manager's name for pdagde : Pandey, Vikash
The manager for pdagde is correctly identified as Pandey, Vikash.

Account Expiration Date for pdagde : 01-Dec-2025 .

The account expiration date for pdagde is 01-Dec-2025 do you still want to offboard the user ? (yes/no) : yes .

Do you want to disable the account for pdagde ? (yes/no) : yes
The given username pdagde has been successfully offboarded

Script executed by: pdagde on 14-Oct-2025 07:55:28

-----------------------------------------------------------------------------------------------------------------------
Please enter the User's name : pdagde

Please enter the manager's name for pdagde : Pandey, Vikash
The manager for pdagde is correctly identified as Pandey, Vikash.

Account Expiration Date for pdagde : 01-Dec-2025 .

The account expiration date for pdagde is 01-Dec-2025 do you still want to offboard the user ? (yes/no) : yes .

Do you want to disable the account for pdagde ? (yes/no) : yes
The given username pdagde has been successfully offboarded

Script executed by: pdagde on 14-Oct-2025 07:56:20

-----------------------------------------------------------------------------------------------------------------------
Please enter the User's name : pdagde

Please enter the manager's name for pdagde : Pandey, Vikash
The manager for pdagde is correctly identified as Pandey, Vikash.

Account Expiration Date for pdagde : 01-Dec-2025 .

The account expiration date for pdagde is 01-Dec-2025 do you still want to offboard the user ? (yes/no) : yes .

Do you want to disable the account for pdagde ? (yes/no) : yes
The given username pdagde has been successfully offboarded

Please enter the User's name : pdagde

Please enter the manager's name for pdagde : Pandey, Vikash
The manager for pdagde is correctly identified as Pandey, Vikash.

Account Expiration Date for pdagde : 01-Dec-2025 .

The account expiration date for pdagde is 01-Dec-2025 do you still want to offboard the user ? (yes/no) : yes .

Do you want to disable the account for pdagde ? (yes/no) : yes
The given username pdagde has been successfully offboarded

Script executed by: pdagde on 14-Oct-2025 08:00:08

-----------------------------------------------------------------------------------------------------------------------
Please enter the User's name : pdagde

Please enter the manager's name for pdagde : Pandey, Vikash
The manager for pdagde is correctly identified as Pandey, Vikash.

Account Expiration Date for pdagde : 01-Dec-2025 .

The account expiration date for pdagde is 01-Dec-2025 do you still want to offboard the user ? (yes/no) : yes .

Do you want to disable the account for pdagde ? (yes/no) : yes
The given username pdagde has been successfully offboarded

Script executed by: pdagde on 14-Oct-2025 08:00:53

-----------------------------------------------------------------------------------------------------------------------
Please enter the User's name : pdagde

Please enter the manager's name for pdagde : Pandey, Vikash
The manager for pdagde is correctly identified as Pandey, Vikash.

Account Expiration Date for pdagde : 01-Dec-2025 .

The account expiration date for pdagde is 01-Dec-2025 do you still want to offboard the user ? (yes/no) : yes .

Do you want to disable the account for pdagde ? (yes/no) : yes
The given username pdagde has been successfully offboarded

Script executed by: pdagde on 14-Oct-2025 08:01:47

-----------------------------------------------------------------------------------------------------------------------
Please enter the User's name : pdagde

Please enter the manager's name for pdagde : Pandey, Vikash
The manager for pdagde is correctly identified as Pandey, Vikash.

Account Expiration Date for pdagde : 01-Dec-2025 .

The account expiration date for pdagde is 01-Dec-2025 do you still want to offboard the user ? (yes/no) : yes .

Do you want to disable the account for pdagde ? (yes/no) : yes
The given username pdagde has been successfully offboarded

Script executed by: pdagde on 14-Oct-2025 08:02:39

-----------------------------------------------------------------------------------------------------------------------
Please enter the User's name : pdagde

Please enter the manager's name for pdagde : Pandey, Vikash
The manager for pdagde is correctly identified as Pandey, Vikash.

Account Expiration Date for pdagde : 01-Dec-2025 .

The account expiration date for pdagde is 01-Dec-2025 do you still want to offboard the user ? (yes/no) : yes .

Do you want to disable the account for pdagde ? (yes/no) : yes
The given username pdagde has been successfully offboarded

Script executed by: pdagde on 14-Oct-2025 08:03:17

-----------------------------------------------------------------------------------------------------------------------
Please enter the User's name : pdagde

Please enter the manager's name for pdagde : Pandey, Vikash
The manager for pdagde is correctly identified as Pandey, Vikash.

Account Expiration Date for pdagde : 01-Dec-2025 .

The account expiration date for pdagde is 01-Dec-2025 do you still want to offboard the user ? (yes/no) : yes .

Do you want to disable the account for pdagde ? (yes/no) : yes
The given username pdagde has been successfully offboarded

Script executed by: pdagde on 14-Oct-2025 08:04:05

-----------------------------------------------------------------------------------------------------------------------
Please enter the User's name : pdagde

Please enter the manager's name for pdagde : Pandey, Vikash
The manager for pdagde is correctly identified as Pandey, Vikash.

Account Expiration Date for pdagde : 01-Dec-2025 .

The account expiration date for pdagde is 01-Dec-2025 do you still want to offboard the user ? (yes/no) : yes .

Do you want to disable the account for pdagde ? (yes/no) : yes
The given username pdagde has been successfully offboarded

Script executed by: pdagde on 14-Oct-2025 08:04:49

-----------------------------------------------------------------------------------------------------------------------
Please enter the User's name : pdagde

Please enter the manager's name for pdagde : Pandey, Vikash
The manager for pdagde is correctly identified as Pandey, Vikash.

Account Expiration Date for pdagde : 01-Dec-2025 .

The account expiration date for pdagde is 01-Dec-2025 do you still want to offboard the user ? (yes/no) : yes .

Do you want to disable the account for pdagde ? (yes/no) : yes
The given username pdagde has been successfully offboarded

Script executed by: pdagde on 14-Oct-2025 08:05:32

-----------------------------------------------------------------------------------------------------------------------
Please enter the User's name : pdagde

Please enter the manager's name for pdagde : Pandey, Vikash
The manager for pdagde is correctly identified as Pandey, Vikash.

Account Expiration Date for pdagde : 01-Dec-2025 .

The account expiration date for pdagde is 01-Dec-2025 do you still want to offboard the user ? (yes/no) : yes .

Do you want to disable the account for pdagde ? (yes/no) : yes
The given username pdagde has been successfully offboarded

Script executed by: pdagde on 14-Oct-2025 08:08:05

-----------------------------------------------------------------------------------------------------------------------
Please enter the User's name : pdagde

Please enter the manager's name for pdagde : Pandey, Vikash
The manager for pdagde is correctly identified as Pandey, Vikash.

Account Expiration Date for pdagde : 01-Dec-2025 .

The account expiration date for pdagde is 01-Dec-2025 do you still want to offboard the user ? (yes/no) : yes .

Do you want to disable the account for pdagde ? (yes/no) : yes
The given username pdagde has been successfully offboarded

Script executed by: pdagde on 14-Oct-2025 08:08:45

-----------------------------------------------------------------------------------------------------------------------
Please enter the User's name : pdagde

Please enter the manager's name for pdagde : Pandey, Vikash
The manager for pdagde is correctly identified as Pandey, Vikash.

Account Expiration Date for pdagde : 01-Dec-2025 .

The account expiration date for pdagde is 01-Dec-2025 do you still want to offboard the user ? (yes/no) : yes .

Do you want to disable the account for pdagde ? (yes/no) : yes
The given username pdagde has been successfully offboarded

Script executed by: pdagde on 14-Oct-2025 08:09:35

-----------------------------------------------------------------------------------------------------------------------
Please enter the User's name : pdagde

Please enter the manager's name for pdagde : Pandey, Vikash
The manager for pdagde is correctly identified as Pandey, Vikash.

Account Expiration Date for pdagde : 01-Dec-2025 .

The account expiration date for pdagde is 01-Dec-2025 do you still want to offboard the user ? (yes/no) : yes .

Do you want to disable the account for pdagde ? (yes/no) : yes
The given username pdagde has been successfully offboarded

Script executed by: pdagde on 14-Oct-2025 08:10:57

-----------------------------------------------------------------------------------------------------------------------
Please enter the User's name : pdagde

Please enter the manager's name for pdagde : Pandey, Vikash
The manager for pdagde is correctly identified as Pandey, Vikash.

Account Expiration Date for pdagde : 01-Dec-2025 .

The account expiration date for pdagde is 01-Dec-2025 do you still want to offboard the user ? (yes/no) : yes .

Do you want to disable the account for pdagde ? (yes/no) : yes
The given username pdagde has been successfully offboarded

Script executed by: pdagde on 14-Oct-2025 08:11:37

-----------------------------------------------------------------------------------------------------------------------
Please enter the User's name : pdagde

Please enter the manager's name for pdagde : yes
Script executed by: pdagde on 14-Oct-2025 08:12:40

-----------------------------------------------------------------------------------------------------------------------
Please enter the User's name : pdagde

Please enter the manager's name for pdagde : Pandey, Vikash
The manager for pdagde is correctly identified as Pandey, Vikash.

Account Expiration Date for pdagde : 01-Dec-2025 .

The account expiration date for pdagde is 01-Dec-2025 do you still want to offboard the user ? (yes/no) : yes .

Do you want to disable the account for pdagde ? (yes/no) : yes
The given username pdagde has been successfully offboarded

Script executed by: pdagde on 14-Oct-2025 08:13:02

-----------------------------------------------------------------------------------------------------------------------
Please enter the User's name : pdagde

Please enter the User's name : pdagde

Please enter the manager's name for pdagde : Pandey, Vikash
The manager for pdagde is correctly identified as Pandey, Vikash.

Account Expiration Date for pdagde : 01-Dec-2025 .

The account expiration date for pdagde is 01-Dec-2025 do you still want to offboard the user ? (yes/no) : yes .

Do you want to disable the account for pdagde ? (yes/no) : yes
The given username pdagde has been successfully offboarded

Script executed by: pdagde on 14-Oct-2025 08:17:03

-----------------------------------------------------------------------------------------------------------------------
Please enter the User's name : pdagde

Please enter the manager's name for pdagde : Pandey, Vikash
The manager for pdagde is correctly identified as Pandey, Vikash.

Account Expiration Date for pdagde : 01-Dec-2025 .

The account expiration date for pdagde is 01-Dec-2025 do you still want to offboard the user ? (yes/no) : yes .

Do you want to disable the account for pdagde ? (yes/no) : yes
The given username pdagde has been successfully offboarded

Script executed by: pdagde on 14-Oct-2025 08:21:41

-----------------------------------------------------------------------------------------------------------------------
Please enter the User's name : pdagde

Please enter the manager's name for pdagde : Pandey, Vikash
The manager for pdagde is correctly identified as Pandey, Vikash.

Account Expiration Date for pdagde : 01-Dec-2025 .

The account expiration date for pdagde is 01-Dec-2025 do you still want to offboard the user ? (yes/no) : yes .

Do you want to disable the account for pdagde ? (yes/no) : yes
The given username pdagde has been successfully offboarded

Script executed by: pdagde on 14-Oct-2025 08:22:30

-----------------------------------------------------------------------------------------------------------------------
Please enter the User's name : pdagde

Please enter the manager's name for pdagde : Pandey, Vikash
The manager for pdagde is correctly identified as Pandey, Vikash.

Account Expiration Date for pdagde : 01-Dec-2025 .

The account expiration date for pdagde is 01-Dec-2025 do you still want to offboard the user ? (yes/no) : yes .

Do you want to disable the account for pdagde ? (yes/no) : yes
The given username pdagde has been successfully offboarded

Script executed by: pdagde on 14-Oct-2025 08:30:01

-----------------------------------------------------------------------------------------------------------------------
Please enter the User's name : pdagde

Please enter the manager's name for pdagde : Pandey, Vikash
The manager for pdagde is correctly identified as Pandey, Vikash.

Account Expiration Date for pdagde : 01-Dec-2025 .

The account expiration date for pdagde is 01-Dec-2025 do you still want to offboard the user ? (yes/no) : yes .

Do you want to disable the account for pdagde ? (yes/no) : yes
The given username pdagde has been successfully offboarded

Script executed by: pdagde on 14-Oct-2025 08:31:42

-----------------------------------------------------------------------------------------------------------------------
Please enter the User's name : pdagde

Please enter the manager's name for pdagde : Pandey, Vikash
The manager for pdagde is correctly identified as Pandey, Vikash.

Account Expiration Date for pdagde : 01-Dec-2025 .

The account expiration date for pdagde is 01-Dec-2025 do you still want to offboard the user ? (yes/no) : yes .

Do you want to disable the account for pdagde ? (yes/no) : yes
The given username pdagde has been successfully offboarded

Script executed by: pdagde on 14-Oct-2025 08:33:06

-----------------------------------------------------------------------------------------------------------------------
Please enter the User's name : pdagde

Please enter the manager's name for pdagde : Pandey, Vikash
The manager for pdagde is correctly identified as Pandey, Vikash.

Account Expiration Date for pdagde : 01-Dec-2025 .

The account expiration date for pdagde is 01-Dec-2025 do you still want to offboard the user ? (yes/no) : yes .

Do you want to disable the account for pdagde ? (yes/no) : yes
The given username pdagde has been successfully offboarded

Script executed by: pdagde on 14-Oct-2025 08:34:40

-----------------------------------------------------------------------------------------------------------------------
Please enter the User's name : pdagde

Please enter the manager's name for pdagde : Pandey, Vikash
The manager for pdagde is correctly identified as Pandey, Vikash.

Account Expiration Date for pdagde : 01-Dec-2025 .

The account expiration date for pdagde is 01-Dec-2025 do you still want to offboard the user ? (yes/no) : yes .

Do you want to disable the account for pdagde ? (yes/no) : yes
The given username pdagde has been successfully offboarded

Script executed by: pdagde on 14-Oct-2025 08:36:08

-----------------------------------------------------------------------------------------------------------------------
Please enter the User's name : pdagde

Please enter the manager's name for pdagde : Pandey, Vikash
The manager for pdagde is correctly identified as Pandey, Vikash.

Account Expiration Date for pdagde : 01-Dec-2025 .

The account expiration date for pdagde is 01-Dec-2025 do you still want to offboard the user ? (yes/no) : yes .

Do you want to disable the account for pdagde ? (yes/no) : yes
The given username pdagde has been successfully offboarded

Script executed by: pdagde on 14-Oct-2025 08:37:46

-----------------------------------------------------------------------------------------------------------------------
Please enter the User's name : pdagde

Please enter the manager's name for pdagde : Pandey, Vikash
The manager for pdagde is correctly identified as Pandey, Vikash.

Account Expiration Date for pdagde : 01-Dec-2025 .

The account expiration date for pdagde is 01-Dec-2025 do you still want to offboard the user ? (yes/no) : yes .

Do you want to disable the account for pdagde ? (yes/no) : yes
The given username pdagde has been successfully offboarded

Script executed by: pdagde on 14-Oct-2025 08:52:37

-----------------------------------------------------------------------------------------------------------------------
Please enter the User's name : pdagde

Please enter the User's name : pdagde

Please enter the manager's name for pdagde : Pandey, Vikash
The manager for pdagde is correctly identified as Pandey, Vikash.

Account Expiration Date for pdagde : 01-Dec-2025 .

The account expiration date for pdagde is 01-Dec-2025 do you still want to offboard the user ? (yes/no) : yes .

Do you want to disable the account for pdagde ? (yes/no) : yes
The given username pdagde has been successfully offboarded

Script executed by: pdagde on 14-Oct-2025 09:03:30

-----------------------------------------------------------------------------------------------------------------------
Please enter the User's name : pdagde

Please enter the manager's name for pdagde : Pandey, Vikash
The manager for pdagde is correctly identified as Pandey, Vikash.

Account Expiration Date for pdagde : 01-Dec-2025 .

The account expiration date for pdagde is 01-Dec-2025 do you still want to offboard the user ? (yes/no) : yes .

Do you want to disable the account for pdagde ? (yes/no) : yes
The given username pdagde has been successfully offboarded

Script executed by: pdagde on 14-Oct-2025 09:05:39

-----------------------------------------------------------------------------------------------------------------------
